Arguments: 
  /home/riley/.nvm/versions/node/v18.15.0/bin/node /snap/node/7392/bin/yarn.js global dir

PATH: 
  /home/riley/.nvm/versions/node/v18.15.0/bin:/usr/local/sbin:/usr/local/bin:/usr/sbin:/usr/bin:/sbin:/bin:/usr/games:/usr/local/games:/snap/bin:/snap/bin:/home/riley/Android/Sdk/emulator:/home/riley/Android/Sdk/platform-tools:/home/riley/Android/Sdk/emulator:/home/riley/Android/Sdk/platform-tools

Yarn version: 
  1.22.19

Node version: 
  18.15.0

Platform: 
  linux x64

Trace: 
  Error: EACCES: permission denied, write
      at writeSync (node:fs:934:3)
      at SyncWriteStream._write (node:internal/fs/sync_write_stream:26:3)
      at writeOrBuffer (node:internal/streams/writable:392:12)
      at _write (node:internal/streams/writable:333:10)
      at Writable.write (node:internal/streams/writable:337:10)
      at ConsoleReporter._log (/snap/node/7392/lib/cli.js:92833:17)
      at ConsoleReporter.log (/snap/node/7392/lib/cli.js:92821:10)
      at dir (/snap/node/7392/lib/cli.js:36307:14)
      at Object.<anonymous> (/snap/node/7392/lib/cli.js:25987:25)
      at Generator.next (<anonymous>)

npm manifest: 
  {
    "name": "todolist",
    "version": "1.0.0",
    "main": "node_modules/expo/AppEntry.js",
    "scripts": {
      "start": "expo start",
      "android": "expo start --android",
      "ios": "expo start --ios",
      "web": "expo start --web"
    },
    "dependencies": {
      "expo": "^46.0.21",
      "expo-status-bar": "~1.4.4",
      "react": "18.2.0",
      "react-native": "0.71.6"
    },
    "devDependencies": {
      "@babel/core": "^7.20.0"
    },
    "private": true
  }

yarn manifest: 
  No manifest

Lockfile: 
  No lockfile
